Determining if the pthread_create exist failed with the following output:
Change Dir: /home/bacon/catkin_ws/src/rewire/cmake-build-debug/CMakeFiles/CMakeTmp

Run Build Command:"/usr/bin/make" "cmTC_adf3b/fast"
/usr/bin/make -f CMakeFiles/cmTC_adf3b.dir/build.make CMakeFiles/cmTC_adf3b.dir/build
make[1]: Entering directory '/home/bacon/catkin_ws/src/rewire/cmake-build-debug/CMakeFiles/CMakeTmp'
Building C object CMakeFiles/cmTC_adf3b.dir/CheckSymbolExists.c.o
/usr/bin/cc    -o CMakeFiles/cmTC_adf3b.dir/CheckSymbolExists.c.o   -c /home/bacon/catkin_ws/src/rewire/cmake-build-debug/CMakeFiles/CMakeTmp/CheckSymbolExists.c
Linking C executable cmTC_adf3b
/home/bacon/Others/clion-2017.2.3/bin/cmake/bin/cmake -E cmake_link_script CMakeFiles/cmTC_adf3b.dir/link.txt --verbose=1
/usr/bin/cc      -rdynamic CMakeFiles/cmTC_adf3b.dir/CheckSymbolExists.c.o  -o cmTC_adf3b 
CMakeFiles/cmTC_adf3b.dir/CheckSymbolExists.c.o: In function `main':
CheckSymbolExists.c:(.text+0x16): undefined reference to `pthread_create'
collect2: error: ld returned 1 exit status
CMakeFiles/cmTC_adf3b.dir/build.make:97: recipe for target 'cmTC_adf3b' failed
make[1]: *** [cmTC_adf3b] Error 1
make[1]: Leaving directory '/home/bacon/catkin_ws/src/rewire/cmake-build-debug/CMakeFiles/CMakeTmp'
Makefile:126: recipe for target 'cmTC_adf3b/fast' failed
make: *** [cmTC_adf3b/fast] Error 2

File /home/bacon/catkin_ws/src/rewire/cmake-build-debug/CMakeFiles/CMakeTmp/CheckSymbolExists.c:
/* */
#include <pthread.h>

int main(int argc, char** argv)
{
  (void)argv;
#ifndef pthread_create
  return ((int*)(&pthread_create))[argc];
#else
  (void)argc;
  return 0;
#endif
}

Determining if the function pthread_create exists in the pthreads failed with the following output:
Change Dir: /home/bacon/catkin_ws/src/rewire/cmake-build-debug/CMakeFiles/CMakeTmp

Run Build Command:"/usr/bin/make" "cmTC_addbf/fast"
/usr/bin/make -f CMakeFiles/cmTC_addbf.dir/build.make CMakeFiles/cmTC_addbf.dir/build
make[1]: Entering directory '/home/bacon/catkin_ws/src/rewire/cmake-build-debug/CMakeFiles/CMakeTmp'
Building C object CMakeFiles/cmTC_addbf.dir/CheckFunctionExists.c.o
/usr/bin/cc   -DCHECK_FUNCTION_EXISTS=pthread_create   -o CMakeFiles/cmTC_addbf.dir/CheckFunctionExists.c.o   -c /home/bacon/Others/clion-2017.2.3/bin/cmake/share/cmake-3.8/Modules/CheckFunctionExists.c
Linking C executable cmTC_addbf
/home/bacon/Others/clion-2017.2.3/bin/cmake/bin/cmake -E cmake_link_script CMakeFiles/cmTC_addbf.dir/link.txt --verbose=1
/usr/bin/cc  -DCHECK_FUNCTION_EXISTS=pthread_create    -rdynamic CMakeFiles/cmTC_addbf.dir/CheckFunctionExists.c.o  -o cmTC_addbf -lpthreads 
/usr/bin/ld: cannot find -lpthreads
collect2: error: ld returned 1 exit status
CMakeFiles/cmTC_addbf.dir/build.make:97: recipe for target 'cmTC_addbf' failed
make[1]: *** [cmTC_addbf] Error 1
make[1]: Leaving directory '/home/bacon/catkin_ws/src/rewire/cmake-build-debug/CMakeFiles/CMakeTmp'
Makefile:126: recipe for target 'cmTC_addbf/fast' failed
make: *** [cmTC_addbf/fast] Error 2


